# JRE version: 7.0_25-b30
# Java VM: OpenJDK 64-Bit Server VM (23.7-b01 mixed mode linux-amd64 compressed oops)
Heap
 PSYoungGen      total 324800K, used 92109K [0x00000000ebcb0000, 0x0000000100000000, 0x0000000100000000)
  eden space 318976K, 27% used [0x00000000ebcb0000,0x00000000f10f5b58,0x00000000ff430000)
  from space 5824K, 99% used [0x00000000ff430000,0x00000000ff9dd8e0,0x00000000ff9e0000)
  to   space 6272K, 0% used [0x00000000ff9e0000,0x00000000ff9e0000,0x0000000100000000)
 ParOldGen       total 41408K, used 29161K [0x00000000c3600000, 0x00000000c5e70000, 0x00000000ebcb0000)
  object space 41408K, 70% used [0x00000000c3600000,0x00000000c527a598,0x00000000c5e70000)
 PSPermGen       total 36416K, used 36369K [0x00000000b9000000, 0x00000000bb390000, 0x00000000c3600000)
  object space 36416K, 99% used [0x00000000b9000000,0x00000000bb3844a0,0x00000000bb390000)
GC Heap History (10 events):
Event: 5.103 GC heap before
{Heap before GC invocations=11 (full 0):
 PSYoungGen      total 204928K, used 204054K [0x00000000ebcb0000, 0x00000000f8b80000, 0x0000000100000000)
  eden space 198848K, 100% used [0x00000000ebcb0000,0x00000000f7ee0000,0x00000000f7ee0000)
  from space 6080K, 85% used [0x00000000f8510000,0x00000000f8a259f0,0x00000000f8b00000)
  to   space 6336K, 0% used [0x00000000f7ee0000,0x00000000f7ee0000,0x00000000f8510000)
 ParOldGen       total 41408K, used 11657K [0x00000000c3600000, 0x00000000c5e70000, 0x00000000ebcb0000)
  object space 41408K, 28% used [0x00000000c3600000,0x00000000c4162660,0x00000000c5e70000)
 PSPermGen       total 25472K, used 25382K [0x00000000b9000000, 0x00000000ba8e0000, 0x00000000c3600000)
  object space 25472K, 99% used [0x00000000b9000000,0x00000000ba8c9928,0x00000000ba8e0000)
Event: 5.117 GC heap after
Heap after GC invocations=11 (full 0):
 PSYoungGen      total 205184K, used 3119K [0x00000000ebcb0000, 0x00000000fffb0000, 0x0000000100000000)
  eden space 198848K, 0% used [0x00000000ebcb0000,0x00000000ebcb0000,0x00000000f7ee0000)
  from space 6336K, 49% used [0x00000000f7ee0000,0x00000000f81ebf58,0x00000000f8510000)
  to   space 6272K, 0% used [0x00000000ff990000,0x00000000ff990000,0x00000000fffb0000)
 ParOldGen       total 41408K, used 15675K [0x00000000c3600000, 0x00000000c5e70000, 0x00000000ebcb0000)
  object space 41408K, 37% used [0x00000000c3600000,0x00000000c454ece8,0x00000000c5e70000)
 PSPermGen       total 25472K, used 25382K [0x00000000b9000000, 0x00000000ba8e0000, 0x00000000c3600000)
  object space 25472K, 99% used [0x00000000b9000000,0x00000000ba8c9928,0x00000000ba8e0000)
}
Event: 5.321 GC heap before
{Heap before GC invocations=12 (full 0):
 PSYoungGen      total 205184K, used 201967K [0x00000000ebcb0000, 0x00000000fffb0000, 0x0000000100000000)
  eden space 198848K, 100% used [0x00000000ebcb0000,0x00000000f7ee0000,0x00000000f7ee0000)
  from space 6336K, 49% used [0x00000000f7ee0000,0x00000000f81ebf58,0x00000000f8510000)
  to   space 6272K, 0% used [0x00000000ff990000,0x00000000ff990000,0x00000000fffb0000)
 ParOldGen       total 41408K, used 15675K [0x00000000c3600000, 0x00000000c5e70000, 0x00000000ebcb0000)
  object space 41408K, 37% used [0x00000000c3600000,0x00000000c454ece8,0x00000000c5e70000)
 PSPermGen       total 25856K, used 25800K [0x00000000b9000000, 0x00000000ba940000, 0x00000000c3600000)
  object space 25856K, 99% used [0x00000000b9000000,0x00000000ba932160,0x00000000ba940000)
Event: 5.329 GC heap after
Heap after GC invocations=12 (full 0):
 PSYoungGen      total 324224K, used 3218K [0x00000000ebcb0000, 0x00000000fff70000, 0x0000000100000000)
  eden space 318208K, 0% used [0x00000000ebcb0000,0x00000000ebcb0000,0x00000000ff370000)
  from space 6016K, 53% used [0x00000000ff990000,0x00000000ffcb48a8,0x00000000fff70000)
  to   space 6144K, 0% used [0x00000000ff370000,0x00000000ff370000,0x00000000ff970000)
 ParOldGen       total 41408K, used 18362K [0x00000000c3600000, 0x00000000c5e70000, 0x00000000ebcb0000)
  object space 41408K, 44% used [0x00000000c3600000,0x00000000c47ee828,0x00000000c5e70000)
 PSPermGen       total 25856K, used 25800K [0x00000000b9000000, 0x00000000ba940000, 0x00000000c3600000)
  object space 25856K, 99% used [0x00000000b9000000,0x00000000ba932160,0x00000000ba940000)
}
Event: 5.656 GC heap before
{Heap before GC invocations=13 (full 0):
 PSYoungGen      total 324224K, used 321426K [0x00000000ebcb0000, 0x00000000fff70000, 0x0000000100000000)
  eden space 318208K, 100% used [0x00000000ebcb0000,0x00000000ff370000,0x00000000ff370000)
  from space 6016K, 53% used [0x00000000ff990000,0x00000000ffcb48a8,0x00000000fff70000)
  to   space 6144K, 0% used [0x00000000ff370000,0x00000000ff370000,0x00000000ff970000)
 ParOldGen       total 41408K, used 18362K [0x00000000c3600000, 0x00000000c5e70000, 0x00000000ebcb0000)
  object space 41408K, 44% used [0x00000000c3600000,0x00000000c47ee828,0x00000000c5e70000)
 PSPermGen       total 25856K, used 25848K [0x00000000b9000000, 0x00000000ba940000, 0x00000000c3600000)
  object space 25856K, 99% used [0x00000000b9000000,0x00000000ba93e350,0x00000000ba940000)
Event: 5.669 GC heap after
Heap after GC invocations=13 (full 0):
 PSYoungGen      total 324352K, used 3776K [0x00000000ebcb0000, 0x00000000fffc0000, 0x0000000100000000)
  eden space 318208K, 0% used [0x00000000ebcb0000,0x00000000ebcb0000,0x00000000ff370000)
  from space 6144K, 61% used [0x00000000ff370000,0x00000000ff720000,0x00000000ff970000)
  to   space 5952K, 0% used [0x00000000ff9f0000,0x00000000ff9f0000,0x00000000fffc0000)
 ParOldGen       total 41408K, used 21098K [0x00000000c3600000, 0x00000000c5e70000, 0x00000000ebcb0000)
  object space 41408K, 50% used [0x00000000c3600000,0x00000000c4a9a828,0x00000000c5e70000)
 PSPermGen       total 25856K, used 25848K [0x00000000b9000000, 0x00000000ba940000, 0x00000000c3600000)
  object space 25856K, 99% used [0x00000000b9000000,0x00000000ba93e350,0x00000000ba940000)
}
Event: 169.754 GC heap before
{Heap before GC invocations=14 (full 0):
 PSYoungGen      total 324352K, used 321984K [0x00000000ebcb0000, 0x00000000fffc0000, 0x0000000100000000)
  eden space 318208K, 100% used [0x00000000ebcb0000,0x00000000ff370000,0x00000000ff370000)
  from space 6144K, 61% used [0x00000000ff370000,0x00000000ff720000,0x00000000ff970000)
  to   space 5952K, 0% used [0x00000000ff9f0000,0x00000000ff9f0000,0x00000000fffc0000)
 ParOldGen       total 41408K, used 21098K [0x00000000c3600000, 0x00000000c5e70000, 0x00000000ebcb0000)
  object space 41408K, 50% used [0x00000000c3600000,0x00000000c4a9a828,0x00000000c5e70000)
 PSPermGen       total 26816K, used 26700K [0x00000000b9000000, 0x00000000baa30000, 0x00000000c3600000)
  object space 26816K, 99% used [0x00000000b9000000,0x00000000baa130e8,0x00000000baa30000)
Event: 169.763 GC heap after
Heap after GC invocations=14 (full 0):
 PSYoungGen      total 324736K, used 3977K [0x00000000ebcb0000, 0x00000000fff90000, 0x0000000100000000)
  eden space 318976K, 0% used [0x00000000ebcb0000,0x00000000ebcb0000,0x00000000ff430000)
  from space 5760K, 69% used [0x00000000ff9f0000,0x00000000ffdd2508,0x00000000fff90000)
  to   space 5824K, 0% used [0x00000000ff430000,0x00000000ff430000,0x00000000ff9e0000)
 ParOldGen       total 41408K, used 24818K [0x00000000c3600000, 0x00000000c5e70000, 0x00000000ebcb0000)
  object space 41408K, 59% used [0x00000000c3600000,0x00000000c4e3c828,0x00000000c5e70000)
 PSPermGen       total 26816K, used 26700K [0x00000000b9000000, 0x00000000baa30000, 0x00000000c3600000)
  object space 26816K, 99% used [0x00000000b9000000,0x00000000baa130e8,0x00000000baa30000)
}
Event: 8115.610 GC heap before
{Heap before GC invocations=15 (full 0):
 PSYoungGen      total 324736K, used 322953K [0x00000000ebcb0000, 0x00000000fff90000, 0x0000000100000000)
  eden space 318976K, 100% used [0x00000000ebcb0000,0x00000000ff430000,0x00000000ff430000)
  from space 5760K, 69% used [0x00000000ff9f0000,0x00000000ffdd2508,0x00000000fff90000)
  to   space 5824K, 0% used [0x00000000ff430000,0x00000000ff430000,0x00000000ff9e0000)
 ParOldGen       total 41408K, used 24818K [0x00000000c3600000, 0x00000000c5e70000, 0x00000000ebcb0000)
  object space 41408K, 59% used [0x00000000c3600000,0x00000000c4e3c828,0x00000000c5e70000)
 PSPermGen       total 34688K, used 34661K [0x00000000b9000000, 0x00000000bb1e0000, 0x00000000c3600000)
  object space 34688K, 99% used [0x00000000b9000000,0x00000000bb1d96e0,0x00000000bb1e0000)
Event: 8115.632 GC heap after
Heap after GC invocations=15 (full 0):
 PSYoungGen      total 324800K, used 5814K [0x00000000ebcb0000, 0x0000000100000000, 0x0000000100000000)
  eden space 318976K, 0% used [0x00000000ebcb0000,0x00000000ebcb0000,0x00000000ff430000)
  from space 5824K, 99% used [0x00000000ff430000,0x00000000ff9dd8e0,0x00000000ff9e0000)
  to   space 6272K, 0% used [0x00000000ff9e0000,0x00000000ff9e0000,0x0000000100000000)
 ParOldGen       total 41408K, used 29161K [0x00000000c3600000, 0x00000000c5e70000, 0x00000000ebcb0000)
  object space 41408K, 70% used [0x00000000c3600000,0x00000000c527a598,0x00000000c5e70000)
 PSPermGen       total 34688K, used 34661K [0x00000000b9000000, 0x00000000bb1e0000, 0x00000000c3600000)
  object space 34688K, 99% used [0x00000000b9000000,0x00000000bb1d96e0,0x00000000bb1e0000)
}

