# JRE version: 7.0_25-b30
# Java VM: OpenJDK 64-Bit Server VM (23.7-b01 mixed mode linux-amd64 compressed oops)
Heap
 PSYoungGen      total 255168K, used 165117K [0x00000000ebcb0000, 0x0000000100000000, 0x0000000100000000)
  eden space 246912K, 63% used [0x00000000ebcb0000,0x00000000f55e6718,0x00000000fadd0000)
  from space 8256K, 99% used [0x00000000fadd0000,0x00000000fb5d8e38,0x00000000fb5e0000)
  to   space 9280K, 0% used [0x00000000ff6f0000,0x00000000ff6f0000,0x0000000100000000)
 ParOldGen       total 41408K, used 11168K [0x00000000c3600000, 0x00000000c5e70000, 0x00000000ebcb0000)
  object space 41408K, 26% used [0x00000000c3600000,0x00000000c40e8330,0x00000000c5e70000)
 PSPermGen       total 31040K, used 30937K [0x00000000b9000000, 0x00000000bae50000, 0x00000000c3600000)
  object space 31040K, 99% used [0x00000000b9000000,0x00000000bae367f8,0x00000000bae50000)
GC Heap History (10 events):
Event: 3.076 GC heap before
{Heap before GC invocations=5 (full 0):
 PSYoungGen      total 64768K, used 64752K [0x00000000ebcb0000, 0x00000000efe70000, 0x0000000100000000)
  eden space 62208K, 100% used [0x00000000ebcb0000,0x00000000ef970000,0x00000000ef970000)
  from space 2560K, 99% used [0x00000000efbf0000,0x00000000efe6c050,0x00000000efe70000)
  to   space 2560K, 0% used [0x00000000ef970000,0x00000000ef970000,0x00000000efbf0000)
 ParOldGen       total 41408K, used 3505K [0x00000000c3600000, 0x00000000c5e70000, 0x00000000ebcb0000)
  object space 41408K, 8% used [0x00000000c3600000,0x00000000c396c710,0x00000000c5e70000)
 PSPermGen       total 21248K, used 13508K [0x00000000b9000000, 0x00000000ba4c0000, 0x00000000c3600000)
  object space 21248K, 63% used [0x00000000b9000000,0x00000000b9d31230,0x00000000ba4c0000)
Event: 3.088 GC heap after
Heap after GC invocations=5 (full 0):
 PSYoungGen      total 64768K, used 2544K [0x00000000ebcb0000, 0x00000000f3fb0000, 0x0000000100000000)
  eden space 62208K, 0% used [0x00000000ebcb0000,0x00000000ebcb0000,0x00000000ef970000)
  from space 2560K, 99% used [0x00000000ef970000,0x00000000efbec010,0x00000000efbf0000)
  to   space 4864K, 0% used [0x00000000f3af0000,0x00000000f3af0000,0x00000000f3fb0000)
 ParOldGen       total 41408K, used 5169K [0x00000000c3600000, 0x00000000c5e70000, 0x00000000ebcb0000)
  object space 41408K, 12% used [0x00000000c3600000,0x00000000c3b0c6e0,0x00000000c5e70000)
 PSPermGen       total 21248K, used 13508K [0x00000000b9000000, 0x00000000ba4c0000, 0x00000000c3600000)
  object space 21248K, 63% used [0x00000000b9000000,0x00000000b9d31230,0x00000000ba4c0000)
}
Event: 3.823 GC heap before
{Heap before GC invocations=6 (full 0):
 PSYoungGen      total 64768K, used 64752K [0x00000000ebcb0000, 0x00000000f3fb0000, 0x0000000100000000)
  eden space 62208K, 100% used [0x00000000ebcb0000,0x00000000ef970000,0x00000000ef970000)
  from space 2560K, 99% used [0x00000000ef970000,0x00000000efbec010,0x00000000efbf0000)
  to   space 4864K, 0% used [0x00000000f3af0000,0x00000000f3af0000,0x00000000f3fb0000)
 ParOldGen       total 41408K, used 5169K [0x00000000c3600000, 0x00000000c5e70000, 0x00000000ebcb0000)
  object space 41408K, 12% used [0x00000000c3600000,0x00000000c3b0c6e0,0x00000000c5e70000)
 PSPermGen       total 21248K, used 16543K [0x00000000b9000000, 0x00000000ba4c0000, 0x00000000c3600000)
  object space 21248K, 77% used [0x00000000b9000000,0x00000000ba027ea0,0x00000000ba4c0000)
Event: 3.835 GC heap after
Heap after GC invocations=6 (full 0):
 PSYoungGen      total 128576K, used 4850K [0x00000000ebcb0000, 0x00000000f4110000, 0x0000000100000000)
  eden space 123712K, 0% used [0x00000000ebcb0000,0x00000000ebcb0000,0x00000000f3580000)
  from space 4864K, 99% used [0x00000000f3af0000,0x00000000f3faca68,0x00000000f3fb0000)
  to   space 5568K, 0% used [0x00000000f3580000,0x00000000f3580000,0x00000000f3af0000)
 ParOldGen       total 41408K, used 5488K [0x00000000c3600000, 0x00000000c5e70000, 0x00000000ebcb0000)
  object space 41408K, 13% used [0x00000000c3600000,0x00000000c3b5c010,0x00000000c5e70000)
 PSPermGen       total 21248K, used 16543K [0x00000000b9000000, 0x00000000ba4c0000, 0x00000000c3600000)
  object space 21248K, 77% used [0x00000000b9000000,0x00000000ba027ea0,0x00000000ba4c0000)
}
Event: 5.242 GC heap before
{Heap before GC invocations=7 (full 0):
 PSYoungGen      total 128576K, used 128562K [0x00000000ebcb0000, 0x00000000f4110000, 0x0000000100000000)
  eden space 123712K, 100% used [0x00000000ebcb0000,0x00000000f3580000,0x00000000f3580000)
  from space 4864K, 99% used [0x00000000f3af0000,0x00000000f3faca68,0x00000000f3fb0000)
  to   space 5568K, 0% used [0x00000000f3580000,0x00000000f3580000,0x00000000f3af0000)
 ParOldGen       total 41408K, used 5488K [0x00000000c3600000, 0x00000000c5e70000, 0x00000000ebcb0000)
  object space 41408K, 13% used [0x00000000c3600000,0x00000000c3b5c010,0x00000000c5e70000)
 PSPermGen       total 22016K, used 21869K [0x00000000b9000000, 0x00000000ba580000, 0x00000000c3600000)
  object space 22016K, 99% used [0x00000000b9000000,0x00000000ba55b648,0x00000000ba580000)
Event: 5.262 GC heap after
Heap after GC invocations=7 (full 0):
 PSYoungGen      total 129280K, used 5567K [0x00000000ebcb0000, 0x00000000fbd70000, 0x0000000100000000)
  eden space 123712K, 0% used [0x00000000ebcb0000,0x00000000ebcb0000,0x00000000f3580000)
  from space 5568K, 99% used [0x00000000f3580000,0x00000000f3aefc58,0x00000000f3af0000)
  to   space 7744K, 0% used [0x00000000fb5e0000,0x00000000fb5e0000,0x00000000fbd70000)
 ParOldGen       total 41408K, used 8604K [0x00000000c3600000, 0x00000000c5e70000, 0x00000000ebcb0000)
  object space 41408K, 20% used [0x00000000c3600000,0x00000000c3e67288,0x00000000c5e70000)
 PSPermGen       total 22016K, used 21869K [0x00000000b9000000, 0x00000000ba580000, 0x00000000c3600000)
  object space 22016K, 99% used [0x00000000b9000000,0x00000000ba55b648,0x00000000ba580000)
}
Event: 6.516 GC heap before
{Heap before GC invocations=8 (full 0):
 PSYoungGen      total 129280K, used 129279K [0x00000000ebcb0000, 0x00000000fbd70000, 0x0000000100000000)
  eden space 123712K, 100% used [0x00000000ebcb0000,0x00000000f3580000,0x00000000f3580000)
  from space 5568K, 99% used [0x00000000f3580000,0x00000000f3aefc58,0x00000000f3af0000)
  to   space 7744K, 0% used [0x00000000fb5e0000,0x00000000fb5e0000,0x00000000fbd70000)
 ParOldGen       total 41408K, used 8604K [0x00000000c3600000, 0x00000000c5e70000, 0x00000000ebcb0000)
  object space 41408K, 20% used [0x00000000c3600000,0x00000000c3e67288,0x00000000c5e70000)
 PSPermGen       total 24320K, used 24221K [0x00000000b9000000, 0x00000000ba7c0000, 0x00000000c3600000)
  object space 24320K, 99% used [0x00000000b9000000,0x00000000ba7a7740,0x00000000ba7c0000)
Event: 6.528 GC heap after
Heap after GC invocations=8 (full 0):
 PSYoungGen      total 254656K, used 6555K [0x00000000ebcb0000, 0x00000000fbe70000, 0x0000000100000000)
  eden space 246912K, 0% used [0x00000000ebcb0000,0x00000000ebcb0000,0x00000000fadd0000)
  from space 7744K, 84% used [0x00000000fb5e0000,0x00000000fbc46f08,0x00000000fbd70000)
  to   space 8256K, 0% used [0x00000000fadd0000,0x00000000fadd0000,0x00000000fb5e0000)
 ParOldGen       total 41408K, used 9496K [0x00000000c3600000, 0x00000000c5e70000, 0x00000000ebcb0000)
  object space 41408K, 22% used [0x00000000c3600000,0x00000000c3f46320,0x00000000c5e70000)
 PSPermGen       total 24320K, used 24221K [0x00000000b9000000, 0x00000000ba7c0000, 0x00000000c3600000)
  object space 24320K, 99% used [0x00000000b9000000,0x00000000ba7a7740,0x00000000ba7c0000)
}
Event: 8.849 GC heap before
{Heap before GC invocations=9 (full 0):
 PSYoungGen      total 254656K, used 253467K [0x00000000ebcb0000, 0x00000000fbe70000, 0x0000000100000000)
  eden space 246912K, 100% used [0x00000000ebcb0000,0x00000000fadd0000,0x00000000fadd0000)
  from space 7744K, 84% used [0x00000000fb5e0000,0x00000000fbc46f08,0x00000000fbd70000)
  to   space 8256K, 0% used [0x00000000fadd0000,0x00000000fadd0000,0x00000000fb5e0000)
 ParOldGen       total 41408K, used 9496K [0x00000000c3600000, 0x00000000c5e70000, 0x00000000ebcb0000)
  object space 41408K, 22% used [0x00000000c3600000,0x00000000c3f46320,0x00000000c5e70000)
 PSPermGen       total 28352K, used 28170K [0x00000000b9000000, 0x00000000babb0000, 0x00000000c3600000)
  object space 28352K, 99% used [0x00000000b9000000,0x00000000bab82b60,0x00000000babb0000)
Event: 8.867 GC heap after
Heap after GC invocations=9 (full 0):
 PSYoungGen      total 255168K, used 8227K [0x00000000ebcb0000, 0x0000000100000000, 0x0000000100000000)
  eden space 246912K, 0% used [0x00000000ebcb0000,0x00000000ebcb0000,0x00000000fadd0000)
  from space 8256K, 99% used [0x00000000fadd0000,0x00000000fb5d8e38,0x00000000fb5e0000)
  to   space 9280K, 0% used [0x00000000ff6f0000,0x00000000ff6f0000,0x0000000100000000)
 ParOldGen       total 41408K, used 11168K [0x00000000c3600000, 0x00000000c5e70000, 0x00000000ebcb0000)
  object space 41408K, 26% used [0x00000000c3600000,0x00000000c40e8330,0x00000000c5e70000)
 PSPermGen       total 28352K, used 28170K [0x00000000b9000000, 0x00000000babb0000, 0x00000000c3600000)
  object space 28352K, 99% used [0x00000000b9000000,0x00000000bab82b60,0x00000000babb0000)
}

