# JRE version: 7.0_25-b30
# Java VM: OpenJDK 64-Bit Server VM (23.7-b01 mixed mode linux-amd64 compressed oops)
Heap
 PSYoungGen      total 324480K, used 257226K [0x00000000ebcb0000, 0x00000000fffa0000, 0x0000000100000000)
  eden space 318592K, 79% used [0x00000000ebcb0000,0x00000000fb422a80,0x00000000ff3d0000)
  from space 5888K, 65% used [0x00000000ff3d0000,0x00000000ff790000,0x00000000ff990000)
  to   space 5696K, 0% used [0x00000000ffa10000,0x00000000ffa10000,0x00000000fffa0000)
 ParOldGen       total 41408K, used 20767K [0x00000000c3600000, 0x00000000c5e70000, 0x00000000ebcb0000)
  object space 41408K, 50% used [0x00000000c3600000,0x00000000c4a47eb8,0x00000000c5e70000)
 PSPermGen       total 24512K, used 24358K [0x00000000b9000000, 0x00000000ba7f0000, 0x00000000c3600000)
  object space 24512K, 99% used [0x00000000b9000000,0x00000000ba7c9bc8,0x00000000ba7f0000)
GC Heap History (10 events):
Event: 4.332 GC heap before
{Heap before GC invocations=9 (full 0):
 PSYoungGen      total 128768K, used 127882K [0x00000000ebcb0000, 0x00000000f3ed0000, 0x0000000100000000)
  eden space 124416K, 100% used [0x00000000ebcb0000,0x00000000f3630000,0x00000000f3630000)
  from space 4352K, 79% used [0x00000000f3a90000,0x00000000f3df2870,0x00000000f3ed0000)
  to   space 4416K, 0% used [0x00000000f3630000,0x00000000f3630000,0x00000000f3a80000)
 ParOldGen       total 41408K, used 6336K [0x00000000c3600000, 0x00000000c5e70000, 0x00000000ebcb0000)
  object space 41408K, 15% used [0x00000000c3600000,0x00000000c3c30250,0x00000000c5e70000)
 PSPermGen       total 21248K, used 20794K [0x00000000b9000000, 0x00000000ba4c0000, 0x00000000c3600000)
  object space 21248K, 97% used [0x00000000b9000000,0x00000000ba44ea38,0x00000000ba4c0000)
Event: 4.345 GC heap after
Heap after GC invocations=9 (full 0):
 PSYoungGen      total 128832K, used 4401K [0x00000000ebcb0000, 0x00000000f8ac0000, 0x0000000100000000)
  eden space 124416K, 0% used [0x00000000ebcb0000,0x00000000ebcb0000,0x00000000f3630000)
  from space 4416K, 99% used [0x00000000f3630000,0x00000000f3a7c530,0x00000000f3a80000)
  to   space 5952K, 0% used [0x00000000f84f0000,0x00000000f84f0000,0x00000000f8ac0000)
 ParOldGen       total 41408K, used 9503K [0x00000000c3600000, 0x00000000c5e70000, 0x00000000ebcb0000)
  object space 41408K, 22% used [0x00000000c3600000,0x00000000c3f47e58,0x00000000c5e70000)
 PSPermGen       total 21248K, used 20794K [0x00000000b9000000, 0x00000000ba4c0000, 0x00000000c3600000)
  object space 21248K, 97% used [0x00000000b9000000,0x00000000ba44ea38,0x00000000ba4c0000)
}
Event: 5.084 GC heap before
{Heap before GC invocations=10 (full 0):
 PSYoungGen      total 128832K, used 128817K [0x00000000ebcb0000, 0x00000000f8ac0000, 0x0000000100000000)
  eden space 124416K, 100% used [0x00000000ebcb0000,0x00000000f3630000,0x00000000f3630000)
  from space 4416K, 99% used [0x00000000f3630000,0x00000000f3a7c530,0x00000000f3a80000)
  to   space 5952K, 0% used [0x00000000f84f0000,0x00000000f84f0000,0x00000000f8ac0000)
 ParOldGen       total 41408K, used 9503K [0x00000000c3600000, 0x00000000c5e70000, 0x00000000ebcb0000)
  object space 41408K, 22% used [0x00000000c3600000,0x00000000c3f47e58,0x00000000c5e70000)
 PSPermGen       total 22976K, used 22869K [0x00000000b9000000, 0x00000000ba670000, 0x00000000c3600000)
  object space 22976K, 99% used [0x00000000b9000000,0x00000000ba655450,0x00000000ba670000)
Event: 5.096 GC heap after
Heap after GC invocations=10 (full 0):
 PSYoungGen      total 205056K, used 4447K [0x00000000ebcb0000, 0x00000000f8ac0000, 0x0000000100000000)
  eden space 199104K, 0% used [0x00000000ebcb0000,0x00000000ebcb0000,0x00000000f7f20000)
  from space 5952K, 74% used [0x00000000f84f0000,0x00000000f8947f48,0x00000000f8ac0000)
  to   space 5952K, 0% used [0x00000000f7f20000,0x00000000f7f20000,0x00000000f84f0000)
 ParOldGen       total 41408K, used 11536K [0x00000000c3600000, 0x00000000c5e70000, 0x00000000ebcb0000)
  object space 41408K, 27% used [0x00000000c3600000,0x00000000c4144378,0x00000000c5e70000)
 PSPermGen       total 22976K, used 22869K [0x00000000b9000000, 0x00000000ba670000, 0x00000000c3600000)
  object space 22976K, 99% used [0x00000000b9000000,0x00000000ba655450,0x00000000ba670000)
}
Event: 5.364 GC heap before
{Heap before GC invocations=11 (full 0):
 PSYoungGen      total 205056K, used 203551K [0x00000000ebcb0000, 0x00000000f8ac0000, 0x0000000100000000)
  eden space 199104K, 100% used [0x00000000ebcb0000,0x00000000f7f20000,0x00000000f7f20000)
  from space 5952K, 74% used [0x00000000f84f0000,0x00000000f8947f48,0x00000000f8ac0000)
  to   space 5952K, 0% used [0x00000000f7f20000,0x00000000f7f20000,0x00000000f84f0000)
 ParOldGen       total 41408K, used 11536K [0x00000000c3600000, 0x00000000c5e70000, 0x00000000ebcb0000)
  object space 41408K, 27% used [0x00000000c3600000,0x00000000c4144378,0x00000000c5e70000)
 PSPermGen       total 23360K, used 23225K [0x00000000b9000000, 0x00000000ba6d0000, 0x00000000c3600000)
  object space 23360K, 99% used [0x00000000b9000000,0x00000000ba6ae608,0x00000000ba6d0000)
Event: 5.377 GC heap after
Heap after GC invocations=11 (full 0):
 PSYoungGen      total 205056K, used 3067K [0x00000000ebcb0000, 0x00000000fff50000, 0x0000000100000000)
  eden space 199104K, 0% used [0x00000000ebcb0000,0x00000000ebcb0000,0x00000000f7f20000)
  from space 5952K, 51% used [0x00000000f7f20000,0x00000000f821ee38,0x00000000f84f0000)
  to   space 5888K, 0% used [0x00000000ff990000,0x00000000ff990000,0x00000000fff50000)
 ParOldGen       total 41408K, used 15535K [0x00000000c3600000, 0x00000000c5e70000, 0x00000000ebcb0000)
  object space 41408K, 37% used [0x00000000c3600000,0x00000000c452be58,0x00000000c5e70000)
 PSPermGen       total 23360K, used 23225K [0x00000000b9000000, 0x00000000ba6d0000, 0x00000000c3600000)
  object space 23360K, 99% used [0x00000000b9000000,0x00000000ba6ae608,0x00000000ba6d0000)
}
Event: 5.590 GC heap before
{Heap before GC invocations=12 (full 0):
 PSYoungGen      total 205056K, used 202171K [0x00000000ebcb0000, 0x00000000fff50000, 0x0000000100000000)
  eden space 199104K, 100% used [0x00000000ebcb0000,0x00000000f7f20000,0x00000000f7f20000)
  from space 5952K, 51% used [0x00000000f7f20000,0x00000000f821ee38,0x00000000f84f0000)
  to   space 5888K, 0% used [0x00000000ff990000,0x00000000ff990000,0x00000000fff50000)
 ParOldGen       total 41408K, used 15535K [0x00000000c3600000, 0x00000000c5e70000, 0x00000000ebcb0000)
  object space 41408K, 37% used [0x00000000c3600000,0x00000000c452be58,0x00000000c5e70000)
 PSPermGen       total 23744K, used 23559K [0x00000000b9000000, 0x00000000ba730000, 0x00000000c3600000)
  object space 23744K, 99% used [0x00000000b9000000,0x00000000ba701c98,0x00000000ba730000)
Event: 5.599 GC heap after
Heap after GC invocations=12 (full 0):
 PSYoungGen      total 324480K, used 2688K [0x00000000ebcb0000, 0x00000000fff50000, 0x0000000100000000)
  eden space 318592K, 0% used [0x00000000ebcb0000,0x00000000ebcb0000,0x00000000ff3d0000)
  from space 5888K, 45% used [0x00000000ff990000,0x00000000ffc30000,0x00000000fff50000)
  to   space 5888K, 0% used [0x00000000ff3d0000,0x00000000ff3d0000,0x00000000ff990000)
 ParOldGen       total 41408K, used 18271K [0x00000000c3600000, 0x00000000c5e70000, 0x00000000ebcb0000)
  object space 41408K, 44% used [0x00000000c3600000,0x00000000c47d7eb8,0x00000000c5e70000)
 PSPermGen       total 23744K, used 23559K [0x00000000b9000000, 0x00000000ba730000, 0x00000000c3600000)
  object space 23744K, 99% used [0x00000000b9000000,0x00000000ba701c98,0x00000000ba730000)
}
Event: 5.951 GC heap before
{Heap before GC invocations=13 (full 0):
 PSYoungGen      total 324480K, used 321280K [0x00000000ebcb0000, 0x00000000fff50000, 0x0000000100000000)
  eden space 318592K, 100% used [0x00000000ebcb0000,0x00000000ff3d0000,0x00000000ff3d0000)
  from space 5888K, 45% used [0x00000000ff990000,0x00000000ffc30000,0x00000000fff50000)
  to   space 5888K, 0% used [0x00000000ff3d0000,0x00000000ff3d0000,0x00000000ff990000)
 ParOldGen       total 41408K, used 18271K [0x00000000c3600000, 0x00000000c5e70000, 0x00000000ebcb0000)
  object space 41408K, 44% used [0x00000000c3600000,0x00000000c47d7eb8,0x00000000c5e70000)
 PSPermGen       total 23744K, used 23578K [0x00000000b9000000, 0x00000000ba730000, 0x00000000c3600000)
  object space 23744K, 99% used [0x00000000b9000000,0x00000000ba706878,0x00000000ba730000)
Event: 5.962 GC heap after
Heap after GC invocations=13 (full 0):
 PSYoungGen      total 324480K, used 3840K [0x00000000ebcb0000, 0x00000000fffa0000, 0x0000000100000000)
  eden space 318592K, 0% used [0x00000000ebcb0000,0x00000000ebcb0000,0x00000000ff3d0000)
  from space 5888K, 65% used [0x00000000ff3d0000,0x00000000ff790000,0x00000000ff990000)
  to   space 5696K, 0% used [0x00000000ffa10000,0x00000000ffa10000,0x00000000fffa0000)
 ParOldGen       total 41408K, used 20767K [0x00000000c3600000, 0x00000000c5e70000, 0x00000000ebcb0000)
  object space 41408K, 50% used [0x00000000c3600000,0x00000000c4a47eb8,0x00000000c5e70000)
 PSPermGen       total 23744K, used 23578K [0x00000000b9000000, 0x00000000ba730000, 0x00000000c3600000)
  object space 23744K, 99% used [0x00000000b9000000,0x00000000ba706878,0x00000000ba730000)
}

