# JRE version: 7.0_25-b30
# Java VM: OpenJDK 64-Bit Server VM (23.7-b01 mixed mode linux-amd64 compressed oops)
Heap
 PSYoungGen      total 324672K, used 65440K [0x00000000ebcb0000, 0x00000000fff70000, 0x0000000100000000)
  eden space 319104K, 19% used [0x00000000ebcb0000,0x00000000ef8c5cf8,0x00000000ff450000)
  from space 5568K, 70% used [0x00000000ffa00000,0x00000000ffdd25f8,0x00000000fff70000)
  to   space 5696K, 0% used [0x00000000ff450000,0x00000000ff450000,0x00000000ff9e0000)
 ParOldGen       total 41408K, used 24861K [0x00000000c3600000, 0x00000000c5e70000, 0x00000000ebcb0000)
  object space 41408K, 60% used [0x00000000c3600000,0x00000000c4e47468,0x00000000c5e70000)
 PSPermGen       total 29504K, used 29339K [0x00000000b9000000, 0x00000000bacd0000, 0x00000000c3600000)
  object space 29504K, 99% used [0x00000000b9000000,0x00000000baca6f48,0x00000000bacd0000)
GC Heap History (10 events):
Event: 4.678 GC heap before
{Heap before GC invocations=10 (full 0):
 PSYoungGen      total 128832K, used 128801K [0x00000000ebcb0000, 0x00000000f8ae0000, 0x0000000100000000)
  eden space 124416K, 100% used [0x00000000ebcb0000,0x00000000f3630000,0x00000000f3630000)
  from space 4416K, 99% used [0x00000000f3630000,0x00000000f3a78520,0x00000000f3a80000)
  to   space 6016K, 0% used [0x00000000f8500000,0x00000000f8500000,0x00000000f8ae0000)
 ParOldGen       total 41408K, used 9759K [0x00000000c3600000, 0x00000000c5e70000, 0x00000000ebcb0000)
  object space 41408K, 23% used [0x00000000c3600000,0x00000000c3f87cc8,0x00000000c5e70000)
 PSPermGen       total 23744K, used 23555K [0x00000000b9000000, 0x00000000ba730000, 0x00000000c3600000)
  object space 23744K, 99% used [0x00000000b9000000,0x00000000ba700c38,0x00000000ba730000)
Event: 4.698 GC heap after
Heap after GC invocations=10 (full 0):
 PSYoungGen      total 204864K, used 5189K [0x00000000ebcb0000, 0x00000000f8b60000, 0x0000000100000000)
  eden space 198848K, 0% used [0x00000000ebcb0000,0x00000000ebcb0000,0x00000000f7ee0000)
  from space 6016K, 86% used [0x00000000f8500000,0x00000000f8a117e0,0x00000000f8ae0000)
  to   space 6272K, 0% used [0x00000000f7ee0000,0x00000000f7ee0000,0x00000000f8500000)
 ParOldGen       total 41408K, used 11744K [0x00000000c3600000, 0x00000000c5e70000, 0x00000000ebcb0000)
  object space 41408K, 28% used [0x00000000c3600000,0x00000000c41781e8,0x00000000c5e70000)
 PSPermGen       total 23744K, used 23555K [0x00000000b9000000, 0x00000000ba730000, 0x00000000c3600000)
  object space 23744K, 99% used [0x00000000b9000000,0x00000000ba700c38,0x00000000ba730000)
}
Event: 5.364 GC heap before
{Heap before GC invocations=11 (full 0):
 PSYoungGen      total 204864K, used 204037K [0x00000000ebcb0000, 0x00000000f8b60000, 0x0000000100000000)
  eden space 198848K, 100% used [0x00000000ebcb0000,0x00000000f7ee0000,0x00000000f7ee0000)
  from space 6016K, 86% used [0x00000000f8500000,0x00000000f8a117e0,0x00000000f8ae0000)
  to   space 6272K, 0% used [0x00000000f7ee0000,0x00000000f7ee0000,0x00000000f8500000)
 ParOldGen       total 41408K, used 11744K [0x00000000c3600000, 0x00000000c5e70000, 0x00000000ebcb0000)
  object space 41408K, 28% used [0x00000000c3600000,0x00000000c41781e8,0x00000000c5e70000)
 PSPermGen       total 25472K, used 25383K [0x00000000b9000000, 0x00000000ba8e0000, 0x00000000c3600000)
  object space 25472K, 99% used [0x00000000b9000000,0x00000000ba8c9f00,0x00000000ba8e0000)
Event: 5.380 GC heap after
Heap after GC invocations=11 (full 0):
 PSYoungGen      total 205120K, used 3103K [0x00000000ebcb0000, 0x00000000fff90000, 0x0000000100000000)
  eden space 198848K, 0% used [0x00000000ebcb0000,0x00000000ebcb0000,0x00000000f7ee0000)
  from space 6272K, 49% used [0x00000000f7ee0000,0x00000000f81e7f68,0x00000000f8500000)
  to   space 6208K, 0% used [0x00000000ff980000,0x00000000ff980000,0x00000000fff90000)
 ParOldGen       total 41408K, used 15742K [0x00000000c3600000, 0x00000000c5e70000, 0x00000000ebcb0000)
  object space 41408K, 38% used [0x00000000c3600000,0x00000000c455f928,0x00000000c5e70000)
 PSPermGen       total 25472K, used 25383K [0x00000000b9000000, 0x00000000ba8e0000, 0x00000000c3600000)
  object space 25472K, 99% used [0x00000000b9000000,0x00000000ba8c9f00,0x00000000ba8e0000)
}
Event: 5.598 GC heap before
{Heap before GC invocations=12 (full 0):
 PSYoungGen      total 205120K, used 201951K [0x00000000ebcb0000, 0x00000000fff90000, 0x0000000100000000)
  eden space 198848K, 100% used [0x00000000ebcb0000,0x00000000f7ee0000,0x00000000f7ee0000)
  from space 6272K, 49% used [0x00000000f7ee0000,0x00000000f81e7f68,0x00000000f8500000)
  to   space 6208K, 0% used [0x00000000ff980000,0x00000000ff980000,0x00000000fff90000)
 ParOldGen       total 41408K, used 15742K [0x00000000c3600000, 0x00000000c5e70000, 0x00000000ebcb0000)
  object space 41408K, 38% used [0x00000000c3600000,0x00000000c455f928,0x00000000c5e70000)
 PSPermGen       total 25856K, used 25801K [0x00000000b9000000, 0x00000000ba940000, 0x00000000c3600000)
  object space 25856K, 99% used [0x00000000b9000000,0x00000000ba932738,0x00000000ba940000)
Event: 5.607 GC heap after
Heap after GC invocations=12 (full 0):
 PSYoungGen      total 324160K, used 3227K [0x00000000ebcb0000, 0x00000000fff50000, 0x0000000100000000)
  eden space 318208K, 0% used [0x00000000ebcb0000,0x00000000ebcb0000,0x00000000ff370000)
  from space 5952K, 54% used [0x00000000ff980000,0x00000000ffca6e18,0x00000000fff50000)
  to   space 6080K, 0% used [0x00000000ff370000,0x00000000ff370000,0x00000000ff960000)
 ParOldGen       total 41408K, used 18405K [0x00000000c3600000, 0x00000000c5e70000, 0x00000000ebcb0000)
  object space 41408K, 44% used [0x00000000c3600000,0x00000000c47f9468,0x00000000c5e70000)
 PSPermGen       total 25856K, used 25801K [0x00000000b9000000, 0x00000000ba940000, 0x00000000c3600000)
  object space 25856K, 99% used [0x00000000b9000000,0x00000000ba932738,0x00000000ba940000)
}
Event: 5.934 GC heap before
{Heap before GC invocations=13 (full 0):
 PSYoungGen      total 324160K, used 321435K [0x00000000ebcb0000, 0x00000000fff50000, 0x0000000100000000)
  eden space 318208K, 100% used [0x00000000ebcb0000,0x00000000ff370000,0x00000000ff370000)
  from space 5952K, 54% used [0x00000000ff980000,0x00000000ffca6e18,0x00000000fff50000)
  to   space 6080K, 0% used [0x00000000ff370000,0x00000000ff370000,0x00000000ff960000)
 ParOldGen       total 41408K, used 18405K [0x00000000c3600000, 0x00000000c5e70000, 0x00000000ebcb0000)
  object space 41408K, 44% used [0x00000000c3600000,0x00000000c47f9468,0x00000000c5e70000)
 PSPermGen       total 25856K, used 25850K [0x00000000b9000000, 0x00000000ba940000, 0x00000000c3600000)
  object space 25856K, 99% used [0x00000000b9000000,0x00000000ba93e928,0x00000000ba940000)
Event: 5.946 GC heap after
Heap after GC invocations=13 (full 0):
 PSYoungGen      total 324288K, used 3776K [0x00000000ebcb0000, 0x00000000fffc0000, 0x0000000100000000)
  eden space 318208K, 0% used [0x00000000ebcb0000,0x00000000ebcb0000,0x00000000ff370000)
  from space 6080K, 62% used [0x00000000ff370000,0x00000000ff720000,0x00000000ff960000)
  to   space 5888K, 0% used [0x00000000ffa00000,0x00000000ffa00000,0x00000000fffc0000)
 ParOldGen       total 41408K, used 21125K [0x00000000c3600000, 0x00000000c5e70000, 0x00000000ebcb0000)
  object space 41408K, 51% used [0x00000000c3600000,0x00000000c4aa1468,0x00000000c5e70000)
 PSPermGen       total 25856K, used 25850K [0x00000000b9000000, 0x00000000ba940000, 0x00000000c3600000)
  object space 25856K, 99% used [0x00000000b9000000,0x00000000ba93e928,0x00000000ba940000)
}
Event: 99.674 GC heap before
{Heap before GC invocations=14 (full 0):
 PSYoungGen      total 324288K, used 321984K [0x00000000ebcb0000, 0x00000000fffc0000, 0x0000000100000000)
  eden space 318208K, 100% used [0x00000000ebcb0000,0x00000000ff370000,0x00000000ff370000)
  from space 6080K, 62% used [0x00000000ff370000,0x00000000ff720000,0x00000000ff960000)
  to   space 5888K, 0% used [0x00000000ffa00000,0x00000000ffa00000,0x00000000fffc0000)
 ParOldGen       total 41408K, used 21125K [0x00000000c3600000, 0x00000000c5e70000, 0x00000000ebcb0000)
  object space 41408K, 51% used [0x00000000c3600000,0x00000000c4aa1468,0x00000000c5e70000)
 PSPermGen       total 26816K, used 26666K [0x00000000b9000000, 0x00000000baa30000, 0x00000000c3600000)
  object space 26816K, 99% used [0x00000000b9000000,0x00000000baa0a9e8,0x00000000baa30000)
Event: 99.686 GC heap after
Heap after GC invocations=14 (full 0):
 PSYoungGen      total 324672K, used 3913K [0x00000000ebcb0000, 0x00000000fff70000, 0x0000000100000000)
  eden space 319104K, 0% used [0x00000000ebcb0000,0x00000000ebcb0000,0x00000000ff450000)
  from space 5568K, 70% used [0x00000000ffa00000,0x00000000ffdd25f8,0x00000000fff70000)
  to   space 5696K, 0% used [0x00000000ff450000,0x00000000ff450000,0x00000000ff9e0000)
 ParOldGen       total 41408K, used 24861K [0x00000000c3600000, 0x00000000c5e70000, 0x00000000ebcb0000)
  object space 41408K, 60% used [0x00000000c3600000,0x00000000c4e47468,0x00000000c5e70000)
 PSPermGen       total 26816K, used 26666K [0x00000000b9000000, 0x00000000baa30000, 0x00000000c3600000)
  object space 26816K, 99% used [0x00000000b9000000,0x00000000baa0a9e8,0x00000000baa30000)
}

