# JRE version: 7.0_25-b30
# Java VM: OpenJDK 64-Bit Server VM (23.7-b01 mixed mode linux-amd64 compressed oops)
Heap
 PSYoungGen      total 303808K, used 53477K [0x00000000ebcb0000, 0x00000000ff9f0000, 0x0000000100000000)
  eden space 303680K, 17% used [0x00000000ebcb0000,0x00000000ef0e9758,0x00000000fe540000)
  from space 128K, 0% used [0x00000000ff9d0000,0x00000000ff9d0000,0x00000000ff9f0000)
  to   space 8192K, 0% used [0x00000000fe9f0000,0x00000000fe9f0000,0x00000000ff1f0000)
 ParOldGen       total 54336K, used 30867K [0x00000000c3600000, 0x00000000c6b10000, 0x00000000ebcb0000)
  object space 54336K, 56% used [0x00000000c3600000,0x00000000c5424f08,0x00000000c6b10000)
 PSPermGen       total 78656K, used 39094K [0x00000000b9000000, 0x00000000bdcd0000, 0x00000000c3600000)
  object space 78656K, 49% used [0x00000000b9000000,0x00000000bb62db58,0x00000000bdcd0000)
GC Heap History (10 events):
Event: 8.398 GC heap before
{Heap before GC invocations=15 (full 0):
 PSYoungGen      total 324992K, used 322889K [0x00000000ebcb0000, 0x0000000100000000, 0x0000000100000000)
  eden space 318784K, 100% used [0x00000000ebcb0000,0x00000000ff400000,0x00000000ff400000)
  from space 6208K, 66% used [0x00000000ff9f0000,0x00000000ffdf2570,0x0000000100000000)
  to   space 6080K, 0% used [0x00000000ff400000,0x00000000ff400000,0x00000000ff9f0000)
 ParOldGen       total 41408K, used 23268K [0x00000000c3600000, 0x00000000c5e70000, 0x00000000ebcb0000)
  object space 41408K, 56% used [0x00000000c3600000,0x00000000c4cb9118,0x00000000c5e70000)
 PSPermGen       total 31232K, used 31079K [0x00000000b9000000, 0x00000000bae80000, 0x00000000c3600000)
  object space 31232K, 99% used [0x00000000b9000000,0x00000000bae59ea0,0x00000000bae80000)
Event: 8.408 GC heap after
Heap after GC invocations=15 (full 0):
 PSYoungGen      total 322944K, used 4160K [0x00000000ebcb0000, 0x00000000fffa0000, 0x0000000100000000)
  eden space 318784K, 0% used [0x00000000ebcb0000,0x00000000ebcb0000,0x00000000ff400000)
  from space 4160K, 100% used [0x00000000ff400000,0x00000000ff810000,0x00000000ff810000)
  to   space 5952K, 0% used [0x00000000ff9d0000,0x00000000ff9d0000,0x00000000fffa0000)
 ParOldGen       total 41408K, used 27036K [0x00000000c3600000, 0x00000000c5e70000, 0x00000000ebcb0000)
  object space 41408K, 65% used [0x00000000c3600000,0x00000000c5067178,0x00000000c5e70000)
 PSPermGen       total 31232K, used 31079K [0x00000000b9000000, 0x00000000bae80000, 0x00000000c3600000)
  object space 31232K, 99% used [0x00000000b9000000,0x00000000bae59ea0,0x00000000bae80000)
}
Event: 13.158 GC heap before
{Heap before GC invocations=16 (full 0):
 PSYoungGen      total 322944K, used 322944K [0x00000000ebcb0000, 0x00000000fffa0000, 0x0000000100000000)
  eden space 318784K, 100% used [0x00000000ebcb0000,0x00000000ff400000,0x00000000ff400000)
  from space 4160K, 100% used [0x00000000ff400000,0x00000000ff810000,0x00000000ff810000)
  to   space 5952K, 0% used [0x00000000ff9d0000,0x00000000ff9d0000,0x00000000fffa0000)
 ParOldGen       total 41408K, used 27036K [0x00000000c3600000, 0x00000000c5e70000, 0x00000000ebcb0000)
  object space 41408K, 65% used [0x00000000c3600000,0x00000000c5067178,0x00000000c5e70000)
 PSPermGen       total 32384K, used 32218K [0x00000000b9000000, 0x00000000bafa0000, 0x00000000c3600000)
  object space 32384K, 99% used [0x00000000b9000000,0x00000000baf76850,0x00000000bafa0000)
Event: 13.169 GC heap after
Heap after GC invocations=16 (full 0):
 PSYoungGen      total 324800K, used 4239K [0x00000000ebcb0000, 0x0000000100000000, 0x0000000100000000)
  eden space 318848K, 0% used [0x00000000ebcb0000,0x00000000ebcb0000,0x00000000ff410000)
  from space 5952K, 71% used [0x00000000ff9d0000,0x00000000ffdf3f40,0x00000000fffa0000)
  to   space 5888K, 0% used [0x00000000ff410000,0x00000000ff410000,0x00000000ff9d0000)
 ParOldGen       total 41408K, used 30996K [0x00000000c3600000, 0x00000000c5e70000, 0x00000000ebcb0000)
  object space 41408K, 74% used [0x00000000c3600000,0x00000000c5445178,0x00000000c5e70000)
 PSPermGen       total 32384K, used 32218K [0x00000000b9000000, 0x00000000bafa0000, 0x00000000c3600000)
  object space 32384K, 99% used [0x00000000b9000000,0x00000000baf76850,0x00000000bafa0000)
}
Event: 59.567 GC heap before
{Heap before GC invocations=17 (full 0):
 PSYoungGen      total 324800K, used 323087K [0x00000000ebcb0000, 0x0000000100000000, 0x0000000100000000)
  eden space 318848K, 100% used [0x00000000ebcb0000,0x00000000ff410000,0x00000000ff410000)
  from space 5952K, 71% used [0x00000000ff9d0000,0x00000000ffdf3f40,0x00000000fffa0000)
  to   space 5888K, 0% used [0x00000000ff410000,0x00000000ff410000,0x00000000ff9d0000)
 ParOldGen       total 41408K, used 30996K [0x00000000c3600000, 0x00000000c5e70000, 0x00000000ebcb0000)
  object space 41408K, 74% used [0x00000000c3600000,0x00000000c5445178,0x00000000c5e70000)
 PSPermGen       total 39104K, used 39059K [0x00000000b9000000, 0x00000000bb630000, 0x00000000c3600000)
  object space 39104K, 99% used [0x00000000b9000000,0x00000000bb624ff0,0x00000000bb630000)
Event: 59.584 GC heap after
Heap after GC invocations=17 (full 0):
 PSYoungGen      total 324736K, used 5882K [0x00000000ebcb0000, 0x0000000100000000, 0x0000000100000000)
  eden space 318848K, 0% used [0x00000000ebcb0000,0x00000000ebcb0000,0x00000000ff410000)
  from space 5888K, 99% used [0x00000000ff410000,0x00000000ff9cebb0,0x00000000ff9d0000)
  to   space 6336K, 0% used [0x00000000ff9d0000,0x00000000ff9d0000,0x0000000100000000)
 ParOldGen       total 41408K, used 34653K [0x00000000c3600000, 0x00000000c5e70000, 0x00000000ebcb0000)
  object space 41408K, 83% used [0x00000000c3600000,0x00000000c57d76d8,0x00000000c5e70000)
 PSPermGen       total 39104K, used 39059K [0x00000000b9000000, 0x00000000bb630000, 0x00000000c3600000)
  object space 39104K, 99% used [0x00000000b9000000,0x00000000bb624ff0,0x00000000bb630000)
}
Event: 173.598 GC heap before
{Heap before GC invocations=18 (full 0):
 PSYoungGen      total 324736K, used 324730K [0x00000000ebcb0000, 0x0000000100000000, 0x0000000100000000)
  eden space 318848K, 100% used [0x00000000ebcb0000,0x00000000ff410000,0x00000000ff410000)
  from space 5888K, 99% used [0x00000000ff410000,0x00000000ff9cebb0,0x00000000ff9d0000)
  to   space 6336K, 0% used [0x00000000ff9d0000,0x00000000ff9d0000,0x0000000100000000)
 ParOldGen       total 41408K, used 34653K [0x00000000c3600000, 0x00000000c5e70000, 0x00000000ebcb0000)
  object space 41408K, 83% used [0x00000000c3600000,0x00000000c57d76d8,0x00000000c5e70000)
 PSPermGen       total 39104K, used 39084K [0x00000000b9000000, 0x00000000bb630000, 0x00000000c3600000)
  object space 39104K, 99% used [0x00000000b9000000,0x00000000bb62b168,0x00000000bb630000)
Event: 173.606 GC heap after
Heap after GC invocations=18 (full 0):
 PSYoungGen      total 303808K, used 128K [0x00000000ebcb0000, 0x00000000ff9f0000, 0x0000000100000000)
  eden space 303680K, 0% used [0x00000000ebcb0000,0x00000000ebcb0000,0x00000000fe540000)
  from space 128K, 100% used [0x00000000ff9d0000,0x00000000ff9f0000,0x00000000ff9f0000)
  to   space 8192K, 0% used [0x00000000fe9f0000,0x00000000fe9f0000,0x00000000ff1f0000)
 ParOldGen       total 41408K, used 36627K [0x00000000c3600000, 0x00000000c5e70000, 0x00000000ebcb0000)
  object space 41408K, 88% used [0x00000000c3600000,0x00000000c59c4dd8,0x00000000c5e70000)
 PSPermGen       total 39104K, used 39084K [0x00000000b9000000, 0x00000000bb630000, 0x00000000c3600000)
  object space 39104K, 99% used [0x00000000b9000000,0x00000000bb62b168,0x00000000bb630000)
}
Event: 173.606 GC heap before
{Heap before GC invocations=19 (full 1):
 PSYoungGen      total 303808K, used 128K [0x00000000ebcb0000, 0x00000000ff9f0000, 0x0000000100000000)
  eden space 303680K, 0% used [0x00000000ebcb0000,0x00000000ebcb0000,0x00000000fe540000)
  from space 128K, 100% used [0x00000000ff9d0000,0x00000000ff9f0000,0x00000000ff9f0000)
  to   space 8192K, 0% used [0x00000000fe9f0000,0x00000000fe9f0000,0x00000000ff1f0000)
 ParOldGen       total 41408K, used 36627K [0x00000000c3600000, 0x00000000c5e70000, 0x00000000ebcb0000)
  object space 41408K, 88% used [0x00000000c3600000,0x00000000c59c4dd8,0x00000000c5e70000)
 PSPermGen       total 39104K, used 39084K [0x00000000b9000000, 0x00000000bb630000, 0x00000000c3600000)
  object space 39104K, 99% used [0x00000000b9000000,0x00000000bb62b168,0x00000000bb630000)
Event: 173.924 GC heap after
Heap after GC invocations=19 (full 1):
 PSYoungGen      total 303808K, used 0K [0x00000000ebcb0000, 0x00000000ff9f0000, 0x0000000100000000)
  eden space 303680K, 0% used [0x00000000ebcb0000,0x00000000ebcb0000,0x00000000fe540000)
  from space 128K, 0% used [0x00000000ff9d0000,0x00000000ff9d0000,0x00000000ff9f0000)
  to   space 8192K, 0% used [0x00000000fe9f0000,0x00000000fe9f0000,0x00000000ff1f0000)
 ParOldGen       total 54336K, used 30867K [0x00000000c3600000, 0x00000000c6b10000, 0x00000000ebcb0000)
  object space 54336K, 56% used [0x00000000c3600000,0x00000000c5424f08,0x00000000c6b10000)
 PSPermGen       total 78656K, used 39035K [0x00000000b9000000, 0x00000000bdcd0000, 0x00000000c3600000)
  object space 78656K, 49% used [0x00000000b9000000,0x00000000bb61ecb0,0x00000000bdcd0000)
}

