# JRE version: 7.0_25-b30
# Java VM: OpenJDK 64-Bit Server VM (23.7-b01 mixed mode linux-amd64 compressed oops)
Heap
 PSYoungGen      total 320896K, used 77547K [0x00000000ebcb0000, 0x0000000100000000, 0x0000000100000000)
  eden space 312256K, 22% used [0x00000000ebcb0000,0x00000000f00ae0f8,0x00000000feda0000)
  from space 8640K, 91% used [0x00000000ff790000,0x00000000fff4cd10,0x0000000100000000)
  to   space 9408K, 0% used [0x00000000feda0000,0x00000000feda0000,0x00000000ff6d0000)
 ParOldGen       total 41408K, used 13928K [0x00000000c3600000, 0x00000000c5e70000, 0x00000000ebcb0000)
  object space 41408K, 33% used [0x00000000c3600000,0x00000000c439a2a8,0x00000000c5e70000)
 PSPermGen       total 35840K, used 35705K [0x00000000b9000000, 0x00000000bb300000, 0x00000000c3600000)
  object space 35840K, 99% used [0x00000000b9000000,0x00000000bb2de638,0x00000000bb300000)
GC Heap History (10 events):
Event: 3.788 GC heap before
{Heap before GC invocations=6 (full 0):
 PSYoungGen      total 64768K, used 64736K [0x00000000ebcb0000, 0x00000000f3f50000, 0x0000000100000000)
  eden space 62208K, 100% used [0x00000000ebcb0000,0x00000000ef970000,0x00000000ef970000)
  from space 2560K, 98% used [0x00000000ef970000,0x00000000efbe8020,0x00000000efbf0000)
  to   space 4672K, 0% used [0x00000000f3ac0000,0x00000000f3ac0000,0x00000000f3f50000)
 ParOldGen       total 41408K, used 4895K [0x00000000c3600000, 0x00000000c5e70000, 0x00000000ebcb0000)
  object space 41408K, 11% used [0x00000000c3600000,0x00000000c3ac7d50,0x00000000c5e70000)
 PSPermGen       total 21248K, used 17432K [0x00000000b9000000, 0x00000000ba4c0000, 0x00000000c3600000)
  object space 21248K, 82% used [0x00000000b9000000,0x00000000ba1060c8,0x00000000ba4c0000)
Event: 3.804 GC heap after
Heap after GC invocations=6 (full 0):
 PSYoungGen      total 127680K, used 4640K [0x00000000ebcb0000, 0x00000000f4210000, 0x0000000100000000)
  eden space 123008K, 0% used [0x00000000ebcb0000,0x00000000ebcb0000,0x00000000f34d0000)
  from space 4672K, 99% used [0x00000000f3ac0000,0x00000000f3f48128,0x00000000f3f50000)
  to   space 6080K, 0% used [0x00000000f34d0000,0x00000000f34d0000,0x00000000f3ac0000)
 ParOldGen       total 41408K, used 6603K [0x00000000c3600000, 0x00000000c5e70000, 0x00000000ebcb0000)
  object space 41408K, 15% used [0x00000000c3600000,0x00000000c3c72c18,0x00000000c5e70000)
 PSPermGen       total 21248K, used 17432K [0x00000000b9000000, 0x00000000ba4c0000, 0x00000000c3600000)
  object space 21248K, 82% used [0x00000000b9000000,0x00000000ba1060c8,0x00000000ba4c0000)
}
Event: 5.168 GC heap before
{Heap before GC invocations=7 (full 0):
 PSYoungGen      total 127680K, used 127648K [0x00000000ebcb0000, 0x00000000f4210000, 0x0000000100000000)
  eden space 123008K, 100% used [0x00000000ebcb0000,0x00000000f34d0000,0x00000000f34d0000)
  from space 4672K, 99% used [0x00000000f3ac0000,0x00000000f3f48128,0x00000000f3f50000)
  to   space 6080K, 0% used [0x00000000f34d0000,0x00000000f34d0000,0x00000000f3ac0000)
 ParOldGen       total 41408K, used 6603K [0x00000000c3600000, 0x00000000c5e70000, 0x00000000ebcb0000)
  object space 41408K, 15% used [0x00000000c3600000,0x00000000c3c72c18,0x00000000c5e70000)
 PSPermGen       total 21248K, used 19359K [0x00000000b9000000, 0x00000000ba4c0000, 0x00000000c3600000)
  object space 21248K, 91% used [0x00000000b9000000,0x00000000ba2e7f78,0x00000000ba4c0000)
Event: 5.180 GC heap after
Heap after GC invocations=7 (full 0):
 PSYoungGen      total 129088K, used 5179K [0x00000000ebcb0000, 0x00000000fb970000, 0x0000000100000000)
  eden space 123008K, 0% used [0x00000000ebcb0000,0x00000000ebcb0000,0x00000000f34d0000)
  from space 6080K, 85% used [0x00000000f34d0000,0x00000000f39deeb8,0x00000000f3ac0000)
  to   space 6400K, 0% used [0x00000000fb330000,0x00000000fb330000,0x00000000fb970000)
 ParOldGen       total 41408K, used 7652K [0x00000000c3600000, 0x00000000c5e70000, 0x00000000ebcb0000)
  object space 41408K, 18% used [0x00000000c3600000,0x00000000c3d790e8,0x00000000c5e70000)
 PSPermGen       total 21248K, used 19359K [0x00000000b9000000, 0x00000000ba4c0000, 0x00000000c3600000)
  object space 21248K, 91% used [0x00000000b9000000,0x00000000ba2e7f78,0x00000000ba4c0000)
}
Event: 6.473 GC heap before
{Heap before GC invocations=8 (full 0):
 PSYoungGen      total 129088K, used 128187K [0x00000000ebcb0000, 0x00000000fb970000, 0x0000000100000000)
  eden space 123008K, 100% used [0x00000000ebcb0000,0x00000000f34d0000,0x00000000f34d0000)
  from space 6080K, 85% used [0x00000000f34d0000,0x00000000f39deeb8,0x00000000f3ac0000)
  to   space 6400K, 0% used [0x00000000fb330000,0x00000000fb330000,0x00000000fb970000)
 ParOldGen       total 41408K, used 7652K [0x00000000c3600000, 0x00000000c5e70000, 0x00000000ebcb0000)
  object space 41408K, 18% used [0x00000000c3600000,0x00000000c3d790e8,0x00000000c5e70000)
 PSPermGen       total 21440K, used 21297K [0x00000000b9000000, 0x00000000ba4f0000, 0x00000000c3600000)
  object space 21440K, 99% used [0x00000000b9000000,0x00000000ba4cc648,0x00000000ba4f0000)
Event: 6.484 GC heap after
Heap after GC invocations=8 (full 0):
 PSYoungGen      total 252096K, used 5442K [0x00000000ebcb0000, 0x00000000fba10000, 0x0000000100000000)
  eden space 245696K, 0% used [0x00000000ebcb0000,0x00000000ebcb0000,0x00000000faca0000)
  from space 6400K, 85% used [0x00000000fb330000,0x00000000fb880a70,0x00000000fb970000)
  to   space 6720K, 0% used [0x00000000faca0000,0x00000000faca0000,0x00000000fb330000)
 ParOldGen       total 41408K, used 8745K [0x00000000c3600000, 0x00000000c5e70000, 0x00000000ebcb0000)
  object space 41408K, 21% used [0x00000000c3600000,0x00000000c3e8a580,0x00000000c5e70000)
 PSPermGen       total 21440K, used 21297K [0x00000000b9000000, 0x00000000ba4f0000, 0x00000000c3600000)
  object space 21440K, 99% used [0x00000000b9000000,0x00000000ba4cc648,0x00000000ba4f0000)
}
Event: 8.745 GC heap before
{Heap before GC invocations=9 (full 0):
 PSYoungGen      total 252096K, used 251138K [0x00000000ebcb0000, 0x00000000fba10000, 0x0000000100000000)
  eden space 245696K, 100% used [0x00000000ebcb0000,0x00000000faca0000,0x00000000faca0000)
  from space 6400K, 85% used [0x00000000fb330000,0x00000000fb880a70,0x00000000fb970000)
  to   space 6720K, 0% used [0x00000000faca0000,0x00000000faca0000,0x00000000fb330000)
 ParOldGen       total 41408K, used 8745K [0x00000000c3600000, 0x00000000c5e70000, 0x00000000ebcb0000)
  object space 41408K, 21% used [0x00000000c3600000,0x00000000c3e8a580,0x00000000c5e70000)
 PSPermGen       total 27968K, used 27905K [0x00000000b9000000, 0x00000000bab50000, 0x00000000c3600000)
  object space 27968K, 99% used [0x00000000b9000000,0x00000000bab405b8,0x00000000bab50000)
Event: 8.763 GC heap after
Heap after GC invocations=9 (full 0):
 PSYoungGen      total 252416K, used 6709K [0x00000000ebcb0000, 0x0000000100000000, 0x0000000100000000)
  eden space 245696K, 0% used [0x00000000ebcb0000,0x00000000ebcb0000,0x00000000faca0000)
  from space 6720K, 99% used [0x00000000faca0000,0x00000000fb32d550,0x00000000fb330000)
  to   space 8640K, 0% used [0x00000000ff790000,0x00000000ff790000,0x0000000100000000)
 ParOldGen       total 41408K, used 11784K [0x00000000c3600000, 0x00000000c5e70000, 0x00000000ebcb0000)
  object space 41408K, 28% used [0x00000000c3600000,0x00000000c41822a8,0x00000000c5e70000)
 PSPermGen       total 27968K, used 27905K [0x00000000b9000000, 0x00000000bab50000, 0x00000000c3600000)
  object space 27968K, 99% used [0x00000000b9000000,0x00000000bab405b8,0x00000000bab50000)
}
Event: 10.656 GC heap before
{Heap before GC invocations=10 (full 0):
 PSYoungGen      total 252416K, used 252405K [0x00000000ebcb0000, 0x0000000100000000, 0x0000000100000000)
  eden space 245696K, 100% used [0x00000000ebcb0000,0x00000000faca0000,0x00000000faca0000)
  from space 6720K, 99% used [0x00000000faca0000,0x00000000fb32d550,0x00000000fb330000)
  to   space 8640K, 0% used [0x00000000ff790000,0x00000000ff790000,0x0000000100000000)
 ParOldGen       total 41408K, used 11784K [0x00000000c3600000, 0x00000000c5e70000, 0x00000000ebcb0000)
  object space 41408K, 28% used [0x00000000c3600000,0x00000000c41822a8,0x00000000c5e70000)
 PSPermGen       total 32576K, used 32472K [0x00000000b9000000, 0x00000000bafd0000, 0x00000000c3600000)
  object space 32576K, 99% used [0x00000000b9000000,0x00000000bafb6110,0x00000000bafd0000)
Event: 10.673 GC heap after
Heap after GC invocations=10 (full 0):
 PSYoungGen      total 320896K, used 7923K [0x00000000ebcb0000, 0x0000000100000000, 0x0000000100000000)
  eden space 312256K, 0% used [0x00000000ebcb0000,0x00000000ebcb0000,0x00000000feda0000)
  from space 8640K, 91% used [0x00000000ff790000,0x00000000fff4cd10,0x0000000100000000)
  to   space 9408K, 0% used [0x00000000feda0000,0x00000000feda0000,0x00000000ff6d0000)
 ParOldGen       total 41408K, used 13928K [0x00000000c3600000, 0x00000000c5e70000, 0x00000000ebcb0000)
  object space 41408K, 33% used [0x00000000c3600000,0x00000000c439a2a8,0x00000000c5e70000)
 PSPermGen       total 32576K, used 32472K [0x00000000b9000000, 0x00000000bafd0000, 0x00000000c3600000)
  object space 32576K, 99% used [0x00000000b9000000,0x00000000bafb6110,0x00000000bafd0000)
}

