# JRE version: 7.0_25-b30
# Java VM: OpenJDK 64-Bit Server VM (23.7-b01 mixed mode linux-amd64 compressed oops)
Heap
 PSYoungGen      total 323008K, used 146370K [0x00000000ebcb0000, 0x00000000fff10000, 0x0000000100000000)
  eden space 315904K, 45% used [0x00000000ebcb0000,0x00000000f492d978,0x00000000ff130000)
  from space 7104K, 35% used [0x00000000ff820000,0x00000000ffa92ee0,0x00000000fff10000)
  to   space 7104K, 0% used [0x00000000ff130000,0x00000000ff130000,0x00000000ff820000)
 ParOldGen       total 41408K, used 16975K [0x00000000c3600000, 0x00000000c5e70000, 0x00000000ebcb0000)
  object space 41408K, 40% used [0x00000000c3600000,0x00000000c4693df8,0x00000000c5e70000)
 PSPermGen       total 33920K, used 33863K [0x00000000b9000000, 0x00000000bb120000, 0x00000000c3600000)
  object space 33920K, 99% used [0x00000000b9000000,0x00000000bb111e78,0x00000000bb120000)
GC Heap History (10 events):
Event: 4.325 GC heap before
{Heap before GC invocations=8 (full 0):
 PSYoungGen      total 66048K, used 66038K [0x00000000ebcb0000, 0x00000000f3ff0000, 0x0000000100000000)
  eden space 62144K, 100% used [0x00000000ebcb0000,0x00000000ef960000,0x00000000ef960000)
  from space 3904K, 99% used [0x00000000ef960000,0x00000000efd2d898,0x00000000efd30000)
  to   space 5056K, 0% used [0x00000000f3b00000,0x00000000f3b00000,0x00000000f3ff0000)
 ParOldGen       total 41408K, used 5117K [0x00000000c3600000, 0x00000000c5e70000, 0x00000000ebcb0000)
  object space 41408K, 12% used [0x00000000c3600000,0x00000000c3aff540,0x00000000c5e70000)
 PSPermGen       total 21248K, used 18431K [0x00000000b9000000, 0x00000000ba4c0000, 0x00000000c3600000)
  object space 21248K, 86% used [0x00000000b9000000,0x00000000ba1ffec0,0x00000000ba4c0000)
Event: 4.336 GC heap after
Heap after GC invocations=8 (full 0):
 PSYoungGen      total 128448K, used 5037K [0x00000000ebcb0000, 0x00000000f41b0000, 0x0000000100000000)
  eden space 123392K, 0% used [0x00000000ebcb0000,0x00000000ebcb0000,0x00000000f3530000)
  from space 5056K, 99% used [0x00000000f3b00000,0x00000000f3feb718,0x00000000f3ff0000)
  to   space 5952K, 0% used [0x00000000f3530000,0x00000000f3530000,0x00000000f3b00000)
 ParOldGen       total 41408K, used 6131K [0x00000000c3600000, 0x00000000c5e70000, 0x00000000ebcb0000)
  object space 41408K, 14% used [0x00000000c3600000,0x00000000c3bfcda8,0x00000000c5e70000)
 PSPermGen       total 21248K, used 18431K [0x00000000b9000000, 0x00000000ba4c0000, 0x00000000c3600000)
  object space 21248K, 86% used [0x00000000b9000000,0x00000000ba1ffec0,0x00000000ba4c0000)
}
Event: 5.563 GC heap before
{Heap before GC invocations=9 (full 0):
 PSYoungGen      total 128448K, used 128429K [0x00000000ebcb0000, 0x00000000f41b0000, 0x0000000100000000)
  eden space 123392K, 100% used [0x00000000ebcb0000,0x00000000f3530000,0x00000000f3530000)
  from space 5056K, 99% used [0x00000000f3b00000,0x00000000f3feb718,0x00000000f3ff0000)
  to   space 5952K, 0% used [0x00000000f3530000,0x00000000f3530000,0x00000000f3b00000)
 ParOldGen       total 41408K, used 6131K [0x00000000c3600000, 0x00000000c5e70000, 0x00000000ebcb0000)
  object space 41408K, 14% used [0x00000000c3600000,0x00000000c3bfcda8,0x00000000c5e70000)
 PSPermGen       total 22592K, used 22409K [0x00000000b9000000, 0x00000000ba610000, 0x00000000c3600000)
  object space 22592K, 99% used [0x00000000b9000000,0x00000000ba5e2640,0x00000000ba610000)
Event: 5.574 GC heap after
Heap after GC invocations=9 (full 0):
 PSYoungGen      total 129344K, used 5944K [0x00000000ebcb0000, 0x00000000f8ba0000, 0x0000000100000000)
  eden space 123392K, 0% used [0x00000000ebcb0000,0x00000000ebcb0000,0x00000000f3530000)
  from space 5952K, 99% used [0x00000000f3530000,0x00000000f3afe078,0x00000000f3b00000)
  to   space 7232K, 0% used [0x00000000f8490000,0x00000000f8490000,0x00000000f8ba0000)
 ParOldGen       total 41408K, used 7766K [0x00000000c3600000, 0x00000000c5e70000, 0x00000000ebcb0000)
  object space 41408K, 18% used [0x00000000c3600000,0x00000000c3d95a60,0x00000000c5e70000)
 PSPermGen       total 22592K, used 22409K [0x00000000b9000000, 0x00000000ba610000, 0x00000000c3600000)
  object space 22592K, 99% used [0x00000000b9000000,0x00000000ba5e2640,0x00000000ba610000)
}
Event: 6.786 GC heap before
{Heap before GC invocations=10 (full 0):
 PSYoungGen      total 129344K, used 129336K [0x00000000ebcb0000, 0x00000000f8ba0000, 0x0000000100000000)
  eden space 123392K, 100% used [0x00000000ebcb0000,0x00000000f3530000,0x00000000f3530000)
  from space 5952K, 99% used [0x00000000f3530000,0x00000000f3afe078,0x00000000f3b00000)
  to   space 7232K, 0% used [0x00000000f8490000,0x00000000f8490000,0x00000000f8ba0000)
 ParOldGen       total 41408K, used 7766K [0x00000000c3600000, 0x00000000c5e70000, 0x00000000ebcb0000)
  object space 41408K, 18% used [0x00000000c3600000,0x00000000c3d95a60,0x00000000c5e70000)
 PSPermGen       total 24704K, used 24687K [0x00000000b9000000, 0x00000000ba820000, 0x00000000c3600000)
  object space 24704K, 99% used [0x00000000b9000000,0x00000000ba81bed0,0x00000000ba820000)
Event: 6.799 GC heap after
Heap after GC invocations=10 (full 0):
 PSYoungGen      total 204416K, used 4743K [0x00000000ebcb0000, 0x00000000f8b60000, 0x0000000100000000)
  eden space 197440K, 0% used [0x00000000ebcb0000,0x00000000ebcb0000,0x00000000f7d80000)
  from space 6976K, 67% used [0x00000000f8490000,0x00000000f8931c00,0x00000000f8b60000)
  to   space 7104K, 0% used [0x00000000f7d80000,0x00000000f7d80000,0x00000000f8470000)
 ParOldGen       total 41408K, used 10507K [0x00000000c3600000, 0x00000000c5e70000, 0x00000000ebcb0000)
  object space 41408K, 25% used [0x00000000c3600000,0x00000000c4042f18,0x00000000c5e70000)
 PSPermGen       total 24704K, used 24687K [0x00000000b9000000, 0x00000000ba820000, 0x00000000c3600000)
  object space 24704K, 99% used [0x00000000b9000000,0x00000000ba81bed0,0x00000000ba820000)
}
Event: 8.536 GC heap before
{Heap before GC invocations=11 (full 0):
 PSYoungGen      total 204416K, used 202183K [0x00000000ebcb0000, 0x00000000f8b60000, 0x0000000100000000)
  eden space 197440K, 100% used [0x00000000ebcb0000,0x00000000f7d80000,0x00000000f7d80000)
  from space 6976K, 67% used [0x00000000f8490000,0x00000000f8931c00,0x00000000f8b60000)
  to   space 7104K, 0% used [0x00000000f7d80000,0x00000000f7d80000,0x00000000f8470000)
 ParOldGen       total 41408K, used 10507K [0x00000000c3600000, 0x00000000c5e70000, 0x00000000ebcb0000)
  object space 41408K, 25% used [0x00000000c3600000,0x00000000c4042f18,0x00000000c5e70000)
 PSPermGen       total 27776K, used 27628K [0x00000000b9000000, 0x00000000bab20000, 0x00000000c3600000)
  object space 27776K, 99% used [0x00000000b9000000,0x00000000baafb300,0x00000000bab20000)
Event: 8.551 GC heap after
Heap after GC invocations=11 (full 0):
 PSYoungGen      total 204544K, used 2802K [0x00000000ebcb0000, 0x00000000fff10000, 0x0000000100000000)
  eden space 197440K, 0% used [0x00000000ebcb0000,0x00000000ebcb0000,0x00000000f7d80000)
  from space 7104K, 39% used [0x00000000f7d80000,0x00000000f803c928,0x00000000f8470000)
  to   space 7104K, 0% used [0x00000000ff820000,0x00000000ff820000,0x00000000fff10000)
 ParOldGen       total 41408K, used 14607K [0x00000000c3600000, 0x00000000c5e70000, 0x00000000ebcb0000)
  object space 41408K, 35% used [0x00000000c3600000,0x00000000c4443f00,0x00000000c5e70000)
 PSPermGen       total 27776K, used 27628K [0x00000000b9000000, 0x00000000bab20000, 0x00000000c3600000)
  object space 27776K, 99% used [0x00000000b9000000,0x00000000baafb300,0x00000000bab20000)
}
Event: 9.594 GC heap before
{Heap before GC invocations=12 (full 0):
 PSYoungGen      total 204544K, used 200242K [0x00000000ebcb0000, 0x00000000fff10000, 0x0000000100000000)
  eden space 197440K, 100% used [0x00000000ebcb0000,0x00000000f7d80000,0x00000000f7d80000)
  from space 7104K, 39% used [0x00000000f7d80000,0x00000000f803c928,0x00000000f8470000)
  to   space 7104K, 0% used [0x00000000ff820000,0x00000000ff820000,0x00000000fff10000)
 ParOldGen       total 41408K, used 14607K [0x00000000c3600000, 0x00000000c5e70000, 0x00000000ebcb0000)
  object space 41408K, 35% used [0x00000000c3600000,0x00000000c4443f00,0x00000000c5e70000)
 PSPermGen       total 31040K, used 30898K [0x00000000b9000000, 0x00000000bae50000, 0x00000000c3600000)
  object space 31040K, 99% used [0x00000000b9000000,0x00000000bae2c828,0x00000000bae50000)
Event: 9.606 GC heap after
Heap after GC invocations=12 (full 0):
 PSYoungGen      total 323008K, used 2507K [0x00000000ebcb0000, 0x00000000fff10000, 0x0000000100000000)
  eden space 315904K, 0% used [0x00000000ebcb0000,0x00000000ebcb0000,0x00000000ff130000)
  from space 7104K, 35% used [0x00000000ff820000,0x00000000ffa92ee0,0x00000000fff10000)
  to   space 7104K, 0% used [0x00000000ff130000,0x00000000ff130000,0x00000000ff820000)
 ParOldGen       total 41408K, used 16975K [0x00000000c3600000, 0x00000000c5e70000, 0x00000000ebcb0000)
  object space 41408K, 40% used [0x00000000c3600000,0x00000000c4693df8,0x00000000c5e70000)
 PSPermGen       total 31040K, used 30898K [0x00000000b9000000, 0x00000000bae50000, 0x00000000c3600000)
  object space 31040K, 99% used [0x00000000b9000000,0x00000000bae2c828,0x00000000bae50000)
}

